FILE_TYPE=LIBRARY_PARTS;
PRIMITIVE 'CFN0402_JX_R020ELF','CFN0402_JX_R020ELF_Resistor Chip';
  PIN
    '1':
      PIN_NUMBER='(1)';
      NO_LOAD_CHECK=BOTH;
      NO_IO_CHECK=BOTH;
      ALLOW_CONNECT=TRUE;
      PINUSE='UNSPEC';
    '2':
      PIN_NUMBER='(2)';
      NO_LOAD_CHECK=BOTH;
      NO_IO_CHECK=BOTH;
      ALLOW_CONNECT=TRUE;
      PINUSE='UNSPEC';
  END_PIN;
  BODY
    PART_NAME='CFN0402_JX_R020ELF';
    PHYS_DES_PREFIX='R';
    NO_LOAD_CHECK='TRUE';
    PIN_COUNT='2';
    BODY_NAME='CFN0402_JX_R020ELF';
    JEDEC_TYPE='RESC1105X55N';
  END_BODY;
END_PRIMITIVE;
END.
