Added Component: Designator=1(0402)
Add component (AddParameter): Name = "Author"; Value = ""; VariantName = "[No Variations]"
Add component (AddParameter): Name = "ComponentLink1Description"; Value = "Datasheet"; VariantName = "[No Variations]"
Add component (AddParameter): Name = "ComponentLink1URL"; Value = "N.A."; VariantName = "[No Variations]"
Add component (AddParameter): Name = "ComponentLink2Description"; Value = "Supplier link"; VariantName = "[No Variations]"
Add component (AddParameter): Name = "ComponentLink2URL"; Value = "N.A."; VariantName = "[No Variations]"
Add component (AddParameter): Name = "Footprint Doc"; Value = "0402"; VariantName = "[No Variations]"
Added Component: Designator=U2(QFN32-5x5)
Add component (AddParameter): Name = "LCSC"; Value = "C2838500"; VariantName = "[No Variations]"
Add component (AddParameter): Name = "Manufacturer"; Value = "Espressif"; VariantName = "[No Variations]"
Add component (AddParameter): Name = "Manufacturer Part Number"; Value = "ESP32-C3"; VariantName = "[No Variations]"
Added Pin To Net: NetName=RF Pin=U2-1
Added Pin To Net: NetName=NetC9_2 Pin=U2-2
Added Pin To Net: NetName=NetC9_2 Pin=U2-3
Added Pin To Net: NetName=SPI.MISO Pin=U2-6
Added Pin To Net: NetName=NetC13_1 Pin=U2-7
Added Pin To Net: NetName=SPI.MOSI Pin=U2-8
Added Pin To Net: NetName=NetU2_9 Pin=U2-9
Added Pin To Net: NetName=SPI.CS_MAG Pin=U2-10
Added Pin To Net: NetName=3v3 Pin=U2-11
Added Pin To Net: NetName=NetAC1_9 Pin=U2-12
Added Pin To Net: NetName=NetAC1_4 Pin=U2-13
Added Pin To Net: NetName=SPI.SCK Pin=U2-14
Added Pin To Net: NetName=GPIO9 Pin=U2-15
Added Pin To Net: NetName=SPI.CS_IMU Pin=U2-16
Added Pin To Net: NetName=3v3 Pin=U2-17
Added Pin To Net: NetName=VDD_SPI Pin=U2-18
Added Pin To Net: NetName=SPIHD Pin=U2-19
Added Pin To Net: NetName=SPIWP Pin=U2-20
Added Pin To Net: NetName=SPICS0 Pin=U2-21
Added Pin To Net: NetName=SPICLK Pin=U2-22
Added Pin To Net: NetName=SPID Pin=U2-23
Added Pin To Net: NetName=SPIQ Pin=U2-24
Added Pin To Net: NetName=USB.D_N Pin=U2-25
Added Pin To Net: NetName=USB.D_P Pin=U2-26
Added Pin To Net: NetName=NetIC5_1 Pin=U2-27
Added Pin To Net: NetName=NetIC5_3 Pin=U2-28
Added Pin To Net: NetName=XTAL_N Pin=U2-29
Added Pin To Net: NetName=XTAL_P Pin=U2-30
Added Pin To Net: NetName=3v3 Pin=U2-31
Added Pin To Net: NetName=3v3 Pin=U2-32
Added Pin To Net: NetName=GND Pin=U2-33
Add Class: Class already exists: Designator
Add Class: Class already exists: Designator
Add Class: Class already exists: Designator
Add Class: Class already exists: Designator
Add Class: Class already exists: Designator
Added Room: Name=Designator
Added Room: Name=Designator
Added Room: Name=Designator
Added Room: Name=Designator
Added Room: Name=Designator
Added Room: Name=Designator
