Added Component: Designator=1(0402)
Add component (AddParameter): Name = "Author"; Value = ""; VariantName = "[No Variations]"
Add component (AddParameter): Name = "ComponentLink1Description"; Value = "Datasheet"; VariantName = "[No Variations]"
Add component (AddParameter): Name = "ComponentLink1URL"; Value = "N.A."; VariantName = "[No Variations]"
Add component (AddParameter): Name = "ComponentLink2Description"; Value = "Supplier link"; VariantName = "[No Variations]"
Add component (AddParameter): Name = "ComponentLink2URL"; Value = "N.A."; VariantName = "[No Variations]"
Add component (AddParameter): Name = "Footprint Doc"; Value = "0402"; VariantName = "[No Variations]"
Added Component: Designator=3v3(PAD_SQ_2MM)
Added Component: Designator=AC1(ICM-40627)
Add component (AddParameter): Name = "Arrow Part Number"; Value = "ICM-40627"; VariantName = "[No Variations]"
Add component (AddParameter): Name = "Arrow Price/Stock"; Value = "https://www.arrow.com/en/products/icm-40627/invensense?region=nac"; VariantName = "[No Variations]"
Add component (AddParameter): Name = "Datasheet Link"; Value = "https://3cfeqx1hf82y3xcoull08ihx-wpengine.netdna-ssl.com/wp-content/uploads/2021/04/DS-000381-ICM-40627-v1.2.pdf"; VariantName = "[No Variations]"
Add component (AddParameter): Name = "Manufacturer_Name"; Value = "TDK"; VariantName = "[No Variations]"
Add component (AddParameter): Name = "Manufacturer_Part_Number"; Value = "ICM-40627"; VariantName = "[No Variations]"
Add component (AddParameter): Name = "Mouser Part Number"; Value = "410-ICM-40627"; VariantName = "[No Variations]"
Add component (AddParameter): Name = "Mouser Price/Stock"; Value = "https://www.mouser.co.uk/ProductDetail/TDK-InvenSense/ICM-40627?qs=iLbezkQI%252BsgePVjJNSY7vQ%3D%3D"; VariantName = "[No Variations]"
Added Component: Designator=ANT1(ANT_IFA_USB_2_4GHZ_50R)
Add component (AddParameter): Name = "ComponentLink1Description"; Value = "Datasheet"; VariantName = "[No Variations]"
Add component (AddParameter): Name = "ComponentLink1URL"; Value = "https://www.ti.com/lit/an/swra117d/swra117d.pdf"; VariantName = "[No Variations]"
Added Component: Designator=BAT+(PAD_SQ_2MM)
Added Component: Designator=BAT-(PAD_SQ_2MM)
Added Component: Designator=C1(CAP_0402)
Add component (AddParameter): Name = "Value"; Value = "TBD"; VariantName = "[No Variations]"
Added Component: Designator=C2(CAP_0402)
Add component (AddParameter): Name = "Value"; Value = "TBD"; VariantName = "[No Variations]"
Added Component: Designator=C3(CAP_0402)
Add component (AddParameter): Name = "Value"; Value = "TBD"; VariantName = "[No Variations]"
Added Component: Designator=C4(CAP_0402)
Add component (AddParameter): Name = "Value"; Value = "TBD"; VariantName = "[No Variations]"
Added Component: Designator=C5(CAP_0402)
Add component (AddParameter): Name = "Value"; Value = "100nF"; VariantName = "[No Variations]"
Added Component: Designator=C6(CAP_0402)
Add component (AddParameter): Name = "Value"; Value = "100nF"; VariantName = "[No Variations]"
Added Component: Designator=C7(CAP_0402)
Add component (AddParameter): Name = "Value"; Value = "10uF"; VariantName = "[No Variations]"
Added Component: Designator=C8(CAP_0402)
Add component (AddParameter): Name = "Value"; Value = "100nF"; VariantName = "[No Variations]"
Added Component: Designator=C9(CAP_0402)
Add component (AddParameter): Name = "Value"; Value = "100nF"; VariantName = "[No Variations]"
Added Component: Designator=C10(CAP_0402)
Add component (AddParameter): Name = "Value"; Value = "10nF"; VariantName = "[No Variations]"
Added Component: Designator=C11(CAP_0402)
Add component (AddParameter): Name = "Value"; Value = "1uF"; VariantName = "[No Variations]"
Added Component: Designator=C12(CAP_0402)
Add component (AddParameter): Name = "Value"; Value = "1uF"; VariantName = "[No Variations]"
Added Component: Designator=C13(CAP_0402)
Add component (AddParameter): Name = "Value"; Value = "100nF"; VariantName = "[No Variations]"
Added Component: Designator=C14(CAP_0402)
Add component (AddParameter): Name = "Value"; Value = "100nF"; VariantName = "[No Variations]"
Added Component: Designator=C15(CAP_0402)
Add component (AddParameter): Name = "Value"; Value = "10nF"; VariantName = "[No Variations]"
Added Component: Designator=C16(CAP_0402)
Add component (AddParameter): Name = "Value"; Value = "100nF"; VariantName = "[No Variations]"
Added Component: Designator=C17(CAP_0402)
Add component (AddParameter): Name = "Value"; Value = "2.2uF"; VariantName = "[No Variations]"
Added Component: Designator=C18(CAP_0402)
Add component (AddParameter): Name = "Value"; Value = "2.2uF"; VariantName = "[No Variations]"
Added Component: Designator=C19(CAP_0402)
Add component (AddParameter): Name = "Value"; Value = "2.2uF"; VariantName = "[No Variations]"
Added Component: Designator=C20(CAP_0402)
Add component (AddParameter): Name = "Value"; Value = "100nF"; VariantName = "[No Variations]"
Added Component: Designator=C21(CAP_0402)
Add component (AddParameter): Name = "Value"; Value = "4.7uF"; VariantName = "[No Variations]"
Added Component: Designator=C22(CAP_0402)
Add component (AddParameter): Name = "Value"; Value = "4.7uF"; VariantName = "[No Variations]"
Added Component: Designator=C23(CAP_0402)
Add component (AddParameter): Name = "Value"; Value = "4.7uF"; VariantName = "[No Variations]"
Added Component: Designator=C24(CAP_0402)
Add component (AddParameter): Name = "Value"; Value = "4.7uF"; VariantName = "[No Variations]"
Added Component: Designator=C25(CAP_0402)
Add component (AddParameter): Name = "Value"; Value = "10uF"; VariantName = "[No Variations]"
Added Component: Designator=C26(CAP_0402)
Add component (AddParameter): Name = "Value"; Value = "1uF"; VariantName = "[No Variations]"
Added Component: Designator=C27(CAP_0402)
Add component (AddParameter): Name = "Value"; Value = "100nF"; VariantName = "[No Variations]"
Added Component: Designator=C28(CAP_0402)
Add component (AddParameter): Name = "Value"; Value = "10nF"; VariantName = "[No Variations]"
Added Component: Designator=C29(CAP_0402)
Add component (AddParameter): Name = "Value"; Value = "100pF"; VariantName = "[No Variations]"
Added Component: Designator=C30(CAP_0402)
Add component (AddParameter): Name = "Value"; Value = "100pF"; VariantName = "[No Variations]"
Added Component: Designator=C31(CAP_0402)
Add component (AddParameter): Name = "Value"; Value = "10nF"; VariantName = "[No Variations]"
Added Component: Designator=C32(CAP_0402)
Add component (AddParameter): Name = "Value"; Value = "100nF"; VariantName = "[No Variations]"
Added Component: Designator=C33(CAP_0402)
Add component (AddParameter): Name = "Value"; Value = "1uF"; VariantName = "[No Variations]"
Added Component: Designator=C34(CAP_0402)
Add component (AddParameter): Name = "Value"; Value = "10uF"; VariantName = "[No Variations]"
Added Component: Designator=C35(CAP_0402)
Add component (AddParameter): Name = "Value"; Value = "10uF"; VariantName = "[No Variations]"
Added Component: Designator=C36(CAP_0402)
Add component (AddParameter): Name = "Value"; Value = "1uF"; VariantName = "[No Variations]"
Added Component: Designator=C37(CAP_0402)
Add component (AddParameter): Name = "Value"; Value = "100nF"; VariantName = "[No Variations]"
Added Component: Designator=C38(CAP_0402)
Add component (AddParameter): Name = "Value"; Value = "10nF"; VariantName = "[No Variations]"
Added Component: Designator=C39(CAP_0402)
Add component (AddParameter): Name = "Value"; Value = "100pF"; VariantName = "[No Variations]"
Added Component: Designator=C40(CAP_0402)
Add component (AddParameter): Name = "Value"; Value = "100pF"; VariantName = "[No Variations]"
Added Component: Designator=C41(CAP_0402)
Add component (AddParameter): Name = "Value"; Value = "10nF"; VariantName = "[No Variations]"
Added Component: Designator=C42(CAP_0402)
Add component (AddParameter): Name = "Value"; Value = "100nF"; VariantName = "[No Variations]"
Added Component: Designator=C43(CAP_0402)
Add component (AddParameter): Name = "Value"; Value = "1uF"; VariantName = "[No Variations]"
Added Component: Designator=C44(CAP_0402)
Add component (AddParameter): Name = "Value"; Value = "10uF"; VariantName = "[No Variations]"
Added Component: Designator=D1(LED_0402_GREEN)
Added Component: Designator=D2(LED_0402_GREEN)
Added Component: Designator=FB1(FB_0402)
Added Component: Designator=FB2(FB_0402)
Added Component: Designator=GND(PAD_SQ_2MM)
Added Component: Designator=IC1(SON40P120X120X60-7N-D)
Add component (AddParameter): Name = "Arrow Part Number"; Value = "MIC5528-3.3YMT-T5"; VariantName = "[No Variations]"
Add component (AddParameter): Name = "Arrow Price/Stock"; Value = "https://www.arrow.com/en/products/mic5528-3.3ymt-t5/microchip-technology?region=nac"; VariantName = "[No Variations]"
Add component (AddParameter): Name = "Datasheet Link"; Value = "https://nl.mouser.com/datasheet/2/268/MIC5528_High_Performance_500mA_LDO_in_Thin_and_Ext-1891284.pdf"; VariantName = "[No Variations]"
Add component (AddParameter): Name = "Height"; Value = "0.6mm"; VariantName = "[No Variations]"
Add component (AddParameter): Name = "Manufacturer_Name"; Value = "Microchip"; VariantName = "[No Variations]"
Add component (AddParameter): Name = "Manufacturer_Part_Number"; Value = "MIC5528-3.3YMT-T5"; VariantName = "[No Variations]"
Add component (AddParameter): Name = "Mouser Part Number"; Value = "998-MIC5528-3.3YMTT5"; VariantName = "[No Variations]"
Add component (AddParameter): Name = "Mouser Price/Stock"; Value = "https://www.mouser.co.uk/ProductDetail/Microchip-Technology/MIC5528-3.3YMT-T5?qs=U6T8BxXiZAUrsVLummtswg%3D%3D"; VariantName = "[No Variations]"
Added Component: Designator=IC2(SOT95P275X110-6N)
Add component (AddParameter): Name = "Arrow Part Number"; Value = "MAX16054AZT+T"; VariantName = "[No Variations]"
Add component (AddParameter): Name = "Arrow Price/Stock"; Value = "https://www.arrow.com/en/products/max16054aztt/maxim-integrated?region=nac"; VariantName = "[No Variations]"
Add component (AddParameter): Name = "Datasheet Link"; Value = "https://datasheet.datasheetarchive.com/originals/distributors/SFDatasheet-4/sf-00087822.pdf"; VariantName = "[No Variations]"
Add component (AddParameter): Name = "Height"; Value = "1.1mm"; VariantName = "[No Variations]"
Add component (AddParameter): Name = "Manufacturer_Name"; Value = "Analog Devices"; VariantName = "[No Variations]"
Add component (AddParameter): Name = "Manufacturer_Part_Number"; Value = "MAX16054AZT+T"; VariantName = "[No Variations]"
Add component (AddParameter): Name = "Mouser Part Number"; Value = "700-MAX16054AZTT"; VariantName = "[No Variations]"
Add component (AddParameter): Name = "Mouser Price/Stock"; Value = "https://www.mouser.co.uk/ProductDetail/Analog-Devices-Maxim-Integrated/MAX16054AZT%2bT?qs=CDqwynd4ZNoG75aAAjGoqQ%3D%3D"; VariantName = "[No Variations]"
Added Component: Designator=IC3(SON65P300X300X80-9N-D)
Add component (AddParameter): Name = "Arrow Part Number"; Value = ""; VariantName = "[No Variations]"
Add component (AddParameter): Name = "Arrow Price/Stock"; Value = ""; VariantName = "[No Variations]"
Add component (AddParameter): Name = "Datasheet Link"; Value = "https://www.mouser.pl/datasheet/2/268/20001984g-846362.pdf"; VariantName = "[No Variations]"
Add component (AddParameter): Name = "Height"; Value = ""; VariantName = "[No Variations]"
Add component (AddParameter): Name = "Manufacturer_Name"; Value = "Microchip"; VariantName = "[No Variations]"
Add component (AddParameter): Name = "Manufacturer_Part_Number"; Value = "MCP73831T-2ATI/MC"; VariantName = "[No Variations]"
Add component (AddParameter): Name = "Mouser Part Number"; Value = "579-MCP73831T-2ATIMC"; VariantName = "[No Variations]"
Add component (AddParameter): Name = "Mouser Price/Stock"; Value = ""; VariantName = "[No Variations]"
Added Component: Designator=IC4(USBLC62P6)
Add component (AddParameter): Name = "Arrow Part Number"; Value = "USBLC6-2P6"; VariantName = "[No Variations]"
Add component (AddParameter): Name = "Arrow Price/Stock"; Value = "https://www.arrow.com/en/products/usblc6-2p6/stmicroelectronics?region=nac"; VariantName = "[No Variations]"
Add component (AddParameter): Name = "Datasheet Link"; Value = "https://datasheet.lcsc.com/szlcsc/STMicroelectronics-USBLC6-2P6_C15999.pdf"; VariantName = "[No Variations]"
Add component (AddParameter): Name = "Height"; Value = "0.6mm"; VariantName = "[No Variations]"
Add component (AddParameter): Name = "Manufacturer_Name"; Value = "STMicroelectronics"; VariantName = "[No Variations]"
Add component (AddParameter): Name = "Manufacturer_Part_Number"; Value = "USBLC6-2P6"; VariantName = "[No Variations]"
Add component (AddParameter): Name = "Mouser Part Number"; Value = "511-USBLC6-2P6"; VariantName = "[No Variations]"
Add component (AddParameter): Name = "Mouser Price/Stock"; Value = "https://www.mouser.co.uk/ProductDetail/STMicroelectronics/USBLC6-2P6?qs=6ARB0lp6jlViGcbUSvj1Mw%3D%3D"; VariantName = "[No Variations]"
Added Component: Designator=J1(TYPE-C-31-M-12)
Add component (AddParameter): Name = "Manufacturer"; Value = "Koren Hroparts"; VariantName = "[No Variations]"
Add component (AddParameter): Name = "Manufacturer Part Number"; Value = "TYPE-C-31-M-12"; VariantName = "[No Variations]"
Added Component: Designator=L1(IND_0402)
Add component (AddParameter): Name = "Value"; Value = "TBD"; VariantName = "[No Variations]"
Added Component: Designator=L2(IND_0402)
Add component (AddParameter): Name = "Value"; Value = "2nH"; VariantName = "[No Variations]"
Added Component: Designator=R1(RES_0402)
Add component (AddParameter): Name = "Distributor Link"; Value = ""; VariantName = "[No Variations]"
Add component (AddParameter): Name = "Manufacturer"; Value = ""; VariantName = "[No Variations]"
Add component (AddParameter): Name = "Manufacturer Part Number"; Value = ""; VariantName = "[No Variations]"
Add component (AddParameter): Name = "Value"; Value = "22"; VariantName = "[No Variations]"
Added Component: Designator=R2(RES_0402)
Add component (AddParameter): Name = "Distributor Link"; Value = ""; VariantName = "[No Variations]"
Add component (AddParameter): Name = "Manufacturer"; Value = ""; VariantName = "[No Variations]"
Add component (AddParameter): Name = "Manufacturer Part Number"; Value = ""; VariantName = "[No Variations]"
Add component (AddParameter): Name = "Value"; Value = "5.1k"; VariantName = "[No Variations]"
Added Component: Designator=R3(RES_0402)
Add component (AddParameter): Name = "Distributor Link"; Value = ""; VariantName = "[No Variations]"
Add component (AddParameter): Name = "Manufacturer"; Value = ""; VariantName = "[No Variations]"
Add component (AddParameter): Name = "Manufacturer Part Number"; Value = ""; VariantName = "[No Variations]"
Add component (AddParameter): Name = "Value"; Value = "5.1k"; VariantName = "[No Variations]"
Added Component: Designator=R4(RES_0402)
Add component (AddParameter): Name = "Distributor Link"; Value = ""; VariantName = "[No Variations]"
Add component (AddParameter): Name = "Manufacturer"; Value = ""; VariantName = "[No Variations]"
Add component (AddParameter): Name = "Manufacturer Part Number"; Value = ""; VariantName = "[No Variations]"
Add component (AddParameter): Name = "Value"; Value = "1k"; VariantName = "[No Variations]"
Added Component: Designator=R5(RES_0402)
Add component (AddParameter): Name = "Distributor Link"; Value = ""; VariantName = "[No Variations]"
Add component (AddParameter): Name = "Manufacturer"; Value = ""; VariantName = "[No Variations]"
Add component (AddParameter): Name = "Manufacturer Part Number"; Value = ""; VariantName = "[No Variations]"
Add component (AddParameter): Name = "Value"; Value = "2k"; VariantName = "[No Variations]"
Added Component: Designator=R6(RES_0402)
Add component (AddParameter): Name = "Distributor Link"; Value = ""; VariantName = "[No Variations]"
Add component (AddParameter): Name = "Manufacturer"; Value = ""; VariantName = "[No Variations]"
Add component (AddParameter): Name = "Manufacturer Part Number"; Value = ""; VariantName = "[No Variations]"
Add component (AddParameter): Name = "Value"; Value = "1k"; VariantName = "[No Variations]"
Added Component: Designator=R7(RES_0402)
Add component (AddParameter): Name = "Distributor Link"; Value = ""; VariantName = "[No Variations]"
Add component (AddParameter): Name = "Manufacturer"; Value = ""; VariantName = "[No Variations]"
Add component (AddParameter): Name = "Manufacturer Part Number"; Value = ""; VariantName = "[No Variations]"
Add component (AddParameter): Name = "Value"; Value = "5.1k"; VariantName = "[No Variations]"
Added Component: Designator=R8(RES_0402)
Add component (AddParameter): Name = "Distributor Link"; Value = ""; VariantName = "[No Variations]"
Add component (AddParameter): Name = "Manufacturer"; Value = ""; VariantName = "[No Variations]"
Add component (AddParameter): Name = "Manufacturer Part Number"; Value = ""; VariantName = "[No Variations]"
Add component (AddParameter): Name = "Value"; Value = "5.1k"; VariantName = "[No Variations]"
Added Component: Designator=RX(PAD_SQ_2MM)
Added Component: Designator=SW1(SKRPANE010)
Add component (AddParameter): Name = "Manufacturer"; Value = "Alps Alpine"; VariantName = "[No Variations]"
Add component (AddParameter): Name = "Manufacturer Part Number"; Value = "SKRPANE010"; VariantName = "[No Variations]"
Added Component: Designator=SW2(SKRPANE010)
Add component (AddParameter): Name = "Manufacturer"; Value = "Alps Alpine"; VariantName = "[No Variations]"
Add component (AddParameter): Name = "Manufacturer Part Number"; Value = "SKRPANE010"; VariantName = "[No Variations]"
Added Component: Designator=SW3(SKRPANE010)
Add component (AddParameter): Name = "Manufacturer"; Value = "Alps Alpine"; VariantName = "[No Variations]"
Add component (AddParameter): Name = "Manufacturer Part Number"; Value = "SKRPANE010"; VariantName = "[No Variations]"
Added Component: Designator=TX(PAD_SQ_2MM)
Added Component: Designator=U1(USON-8-2X3MM)
Add component (AddParameter): Name = "LCSC"; Value = "C2843335"; VariantName = "[No Variations]"
Add component (AddParameter): Name = "Manufacturer"; Value = "Winbond"; VariantName = "[No Variations]"
Add component (AddParameter): Name = "Manufacturer Part Number"; Value = "W25Q16JVUXIQ"; VariantName = "[No Variations]"
Added Component: Designator=U2(QFN32-5x5)
Add component (AddParameter): Name = "LCSC"; Value = "C2838500"; VariantName = "[No Variations]"
Add component (AddParameter): Name = "Manufacturer"; Value = "Espressif"; VariantName = "[No Variations]"
Add component (AddParameter): Name = "Manufacturer Part Number"; Value = "ESP32-C3"; VariantName = "[No Variations]"
Added Component: Designator=U3(MMC5983MA-LGA)
Add component (AddParameter): Name = "Manufacturer"; Value = "MEMSIC"; VariantName = "[No Variations]"
Add component (AddParameter): Name = "Manufacturer Part Number"; Value = "MMC5983MA"; VariantName = "[No Variations]"
Added Component: Designator=X1(XTAL_2520)
Add component (AddParameter): Name = "Distributor Link"; Value = ""; VariantName = "[No Variations]"
Add component (AddParameter): Name = "Manufacturer"; Value = ""; VariantName = "[No Variations]"
Add component (AddParameter): Name = "Manufacturer Part Number"; Value = ""; VariantName = "[No Variations]"
Added Pin To Net: NetName=3v3 Pin=3v3-1
Added Pin To Net: NetName=3v3 Pin=AC1-5
Added Pin To Net: NetName=3v3 Pin=AC1-8
Added Pin To Net: NetName=3v3 Pin=C5-1
Added Pin To Net: NetName=3v3 Pin=C6-2
Added Pin To Net: NetName=3v3 Pin=C7-2
Added Pin To Net: NetName=3v3 Pin=C8-2
Added Pin To Net: NetName=3v3 Pin=C10-2
Added Pin To Net: NetName=3v3 Pin=C11-1
Added Pin To Net: NetName=3v3 Pin=C15-2
Added Pin To Net: NetName=3v3 Pin=C16-2
Added Pin To Net: NetName=3v3 Pin=C17-2
Added Pin To Net: NetName=3v3 Pin=C19-2
Added Pin To Net: NetName=3v3 Pin=C23-2
Added Pin To Net: NetName=3v3 Pin=D1-A
Added Pin To Net: NetName=3v3 Pin=IC1-1
Added Pin To Net: NetName=3v3 Pin=IC1-2
Added Pin To Net: NetName=3v3 Pin=L2-1
Added Pin To Net: NetName=3v3 Pin=R2-2
Added Pin To Net: NetName=3v3 Pin=R3-2
Added Pin To Net: NetName=3v3 Pin=U2-11
Added Pin To Net: NetName=3v3 Pin=U2-17
Added Pin To Net: NetName=3v3 Pin=U2-31
Added Pin To Net: NetName=3v3 Pin=U2-32
Added Pin To Net: NetName=3v3 Pin=U3-2
Added Pin To Net: NetName=3v3 Pin=U3-13
Added Net: Name=3v3
Added Pin To Net: NetName=ANT Pin=C4-2
Added Pin To Net: NetName=ANT Pin=L1-2
Added Pin To Net: NetName=ANT Pin=U2-1
Added Net: Name=ANT
Added Pin To Net: NetName=GND Pin=AC1-6
Added Pin To Net: NetName=GND Pin=ANT1-2
Added Pin To Net: NetName=GND Pin=BAT--1
Added Pin To Net: NetName=GND Pin=C1-1
Added Pin To Net: NetName=GND Pin=C2-1
Added Pin To Net: NetName=GND Pin=C3-1
Added Pin To Net: NetName=GND Pin=C4-1
Added Pin To Net: NetName=GND Pin=C5-2
Added Pin To Net: NetName=GND Pin=C6-1
Added Pin To Net: NetName=GND Pin=C7-1
Added Pin To Net: NetName=GND Pin=C8-1
Added Pin To Net: NetName=GND Pin=C9-1
Added Pin To Net: NetName=GND Pin=C10-1
Added Pin To Net: NetName=GND Pin=C11-2
Added Pin To Net: NetName=GND Pin=C12-1
Added Pin To Net: NetName=GND Pin=C13-2
Added Pin To Net: NetName=GND Pin=C14-2
Added Pin To Net: NetName=GND Pin=C15-1
Added Pin To Net: NetName=GND Pin=C16-1
Added Pin To Net: NetName=GND Pin=C17-1
Added Pin To Net: NetName=GND Pin=C18-1
Added Pin To Net: NetName=GND Pin=C19-1
Added Pin To Net: NetName=GND Pin=C20-2
Added Pin To Net: NetName=GND Pin=C21-1
Added Pin To Net: NetName=GND Pin=C22-1
Added Pin To Net: NetName=GND Pin=C23-1
Added Pin To Net: NetName=GND Pin=C24-2
Added Pin To Net: NetName=GND Pin=C25-1
Added Pin To Net: NetName=GND Pin=C26-1
Added Pin To Net: NetName=GND Pin=C27-1
Added Pin To Net: NetName=GND Pin=C28-1
Added Pin To Net: NetName=GND Pin=C29-1
Added Pin To Net: NetName=GND Pin=C30-1
Added Pin To Net: NetName=GND Pin=C31-1
Added Pin To Net: NetName=GND Pin=C32-1
Added Pin To Net: NetName=GND Pin=C33-1
Added Pin To Net: NetName=GND Pin=C34-1
Added Pin To Net: NetName=GND Pin=C35-1
Added Pin To Net: NetName=GND Pin=C36-1
Added Pin To Net: NetName=GND Pin=C37-1
Added Pin To Net: NetName=GND Pin=C38-1
Added Pin To Net: NetName=GND Pin=C39-1
Added Pin To Net: NetName=GND Pin=C40-1
Added Pin To Net: NetName=GND Pin=C41-1
Added Pin To Net: NetName=GND Pin=C42-1
Added Pin To Net: NetName=GND Pin=C43-1
Added Pin To Net: NetName=GND Pin=C44-1
Added Pin To Net: NetName=GND Pin=GND-1
Added Pin To Net: NetName=GND Pin=IC1-3
Added Pin To Net: NetName=GND Pin=IC1-7
Added Pin To Net: NetName=GND Pin=IC2-2
Added Pin To Net: NetName=GND Pin=IC2-3
Added Pin To Net: NetName=GND Pin=IC3-6
Added Pin To Net: NetName=GND Pin=IC3-9
Added Pin To Net: NetName=GND Pin=IC4-2
Added Pin To Net: NetName=GND Pin=J1-A1B12
Added Pin To Net: NetName=GND Pin=J1-B1A12
Added Pin To Net: NetName=GND Pin=R4-2
Added Pin To Net: NetName=GND Pin=R5-2
Added Pin To Net: NetName=GND Pin=R7-2
Added Pin To Net: NetName=GND Pin=R8-2
Added Pin To Net: NetName=GND Pin=SW1-12
Added Pin To Net: NetName=GND Pin=SW1-12
Added Pin To Net: NetName=GND Pin=SW2-12
Added Pin To Net: NetName=GND Pin=SW2-12
Added Pin To Net: NetName=GND Pin=SW3-12
Added Pin To Net: NetName=GND Pin=SW3-12
Added Pin To Net: NetName=GND Pin=U1-4
Added Pin To Net: NetName=GND Pin=U1-9
Added Pin To Net: NetName=GND Pin=U2-33
Added Pin To Net: NetName=GND Pin=U3-9
Added Pin To Net: NetName=GND Pin=U3-11
Added Pin To Net: NetName=GND Pin=X1-2
Added Pin To Net: NetName=GND Pin=X1-4
Added Net: Name=GND
Added Pin To Net: NetName=GPIO9 Pin=C14-1
Added Pin To Net: NetName=GPIO9 Pin=R3-1
Added Pin To Net: NetName=GPIO9 Pin=SW2-34
Added Pin To Net: NetName=GPIO9 Pin=SW2-34
Added Pin To Net: NetName=GPIO9 Pin=U2-15
Added Net: Name=GPIO9
Added Pin To Net: NetName=LDO_EN Pin=IC1-4
Added Pin To Net: NetName=LDO_EN Pin=IC2-5
Added Net: Name=LDO_EN
Added Pin To Net: NetName=NetAC1_4 Pin=AC1-4
Added Pin To Net: NetName=NetAC1_4 Pin=U2-13
Added Net: Name=NetAC1_4
Added Pin To Net: NetName=NetAC1_9 Pin=AC1-9
Added Pin To Net: NetName=NetAC1_9 Pin=U2-12
Added Net: Name=NetAC1_9
Added Pin To Net: NetName=NetANT1_1 Pin=ANT1-1
Added Pin To Net: NetName=NetANT1_1 Pin=ANT1-1
Added Pin To Net: NetName=NetANT1_1 Pin=ANT1-1
Added Pin To Net: NetName=NetANT1_1 Pin=ANT1-1
Added Pin To Net: NetName=NetANT1_1 Pin=ANT1-1
Added Pin To Net: NetName=NetANT1_1 Pin=ANT1-1
Added Pin To Net: NetName=NetANT1_1 Pin=ANT1-1
Added Pin To Net: NetName=NetANT1_1 Pin=ANT1-1
Added Pin To Net: NetName=NetANT1_1 Pin=ANT1-1
Added Pin To Net: NetName=NetANT1_1 Pin=ANT1-1
Added Pin To Net: NetName=NetANT1_1 Pin=ANT1-1
Added Pin To Net: NetName=NetANT1_1 Pin=C3-2
Added Pin To Net: NetName=NetANT1_1 Pin=L1-1
Added Net: Name=NetANT1_1
Added Pin To Net: NetName=NetBAT+_1 Pin=BAT+-1
Added Pin To Net: NetName=NetBAT+_1 Pin=C35-2
Added Pin To Net: NetName=NetBAT+_1 Pin=C36-2
Added Pin To Net: NetName=NetBAT+_1 Pin=C37-2
Added Pin To Net: NetName=NetBAT+_1 Pin=C38-2
Added Pin To Net: NetName=NetBAT+_1 Pin=C39-2
Added Pin To Net: NetName=NetBAT+_1 Pin=FB2-1
Added Net: Name=NetBAT+_1
Added Pin To Net: NetName=NetC1_2 Pin=C1-2
Added Pin To Net: NetName=NetC1_2 Pin=R1-2
Added Pin To Net: NetName=NetC1_2 Pin=X1-1
Added Net: Name=NetC1_2
Added Pin To Net: NetName=NetC9_2 Pin=C9-2
Added Pin To Net: NetName=NetC9_2 Pin=L2-2
Added Pin To Net: NetName=NetC9_2 Pin=U2-2
Added Pin To Net: NetName=NetC9_2 Pin=U2-3
Added Net: Name=NetC9_2
Added Pin To Net: NetName=NetC13_1 Pin=C13-1
Added Pin To Net: NetName=NetC13_1 Pin=R2-1
Added Pin To Net: NetName=NetC13_1 Pin=SW1-34
Added Pin To Net: NetName=NetC13_1 Pin=SW1-34
Added Pin To Net: NetName=NetC13_1 Pin=U2-7
Added Net: Name=NetC13_1
Added Pin To Net: NetName=NetC20_1 Pin=C20-1
Added Pin To Net: NetName=NetC20_1 Pin=IC2-1
Added Pin To Net: NetName=NetC20_1 Pin=SW3-34
Added Pin To Net: NetName=NetC20_1 Pin=SW3-34
Added Net: Name=NetC20_1
Added Pin To Net: NetName=NetC24_1 Pin=C24-1
Added Pin To Net: NetName=NetC24_1 Pin=U3-10
Added Net: Name=NetC24_1
Added Pin To Net: NetName=NetD1_K Pin=D1-K
Added Pin To Net: NetName=NetD1_K Pin=R4-1
Added Net: Name=NetD1_K
Added Pin To Net: NetName=NetD2_K Pin=D2-K
Added Pin To Net: NetName=NetD2_K Pin=R6-1
Added Net: Name=NetD2_K
Added Pin To Net: NetName=NetIC3_5 Pin=IC3-5
Added Pin To Net: NetName=NetIC3_5 Pin=R6-2
Added Net: Name=NetIC3_5
Added Pin To Net: NetName=NetIC3_8 Pin=IC3-8
Added Pin To Net: NetName=NetIC3_8 Pin=R5-1
Added Net: Name=NetIC3_8
Added Pin To Net: NetName=NetIC4_1 Pin=IC4-1
Added Pin To Net: NetName=NetIC4_1 Pin=J1-A7
Added Pin To Net: NetName=NetIC4_1 Pin=J1-B7
Added Net: Name=NetIC4_1
Added Pin To Net: NetName=NetIC4_3 Pin=IC4-3
Added Pin To Net: NetName=NetIC4_3 Pin=J1-A6
Added Pin To Net: NetName=NetIC4_3 Pin=J1-B6
Added Net: Name=NetIC4_3
Added Pin To Net: NetName=NetJ1_A5 Pin=J1-A5
Added Pin To Net: NetName=NetJ1_A5 Pin=R7-1
Added Net: Name=NetJ1_A5
Added Pin To Net: NetName=NetJ1_B5 Pin=J1-B5
Added Pin To Net: NetName=NetJ1_B5 Pin=R8-1
Added Net: Name=NetJ1_B5
Added Pin To Net: NetName=NetRX_1 Pin=RX-1
Added Pin To Net: NetName=NetRX_1 Pin=U2-27
Added Net: Name=NetRX_1
Added Pin To Net: NetName=NetTX_1 Pin=TX-1
Added Pin To Net: NetName=NetTX_1 Pin=U2-28
Added Net: Name=NetTX_1
Added Pin To Net: NetName=NetU2_9 Pin=U2-9
Added Pin To Net: NetName=NetU2_9 Pin=U3-15
Added Net: Name=NetU2_9
Added Pin To Net: NetName=SPI.CS_IMU Pin=AC1-12
Added Pin To Net: NetName=SPI.CS_IMU Pin=U2-16
Added Net: Name=SPI.CS_IMU
Added Pin To Net: NetName=SPI.CS_MAG Pin=U2-10
Added Pin To Net: NetName=SPI.CS_MAG Pin=U3-4
Added Net: Name=SPI.CS_MAG
Added Pin To Net: NetName=SPI.MISO Pin=AC1-1
Added Pin To Net: NetName=SPI.MISO Pin=U2-6
Added Pin To Net: NetName=SPI.MISO Pin=U3-5
Added Net: Name=SPI.MISO
Added Pin To Net: NetName=SPI.MOSI Pin=AC1-14
Added Pin To Net: NetName=SPI.MOSI Pin=U2-8
Added Pin To Net: NetName=SPI.MOSI Pin=U3-16
Added Net: Name=SPI.MOSI
Added Pin To Net: NetName=SPI.SCK Pin=AC1-13
Added Pin To Net: NetName=SPI.SCK Pin=U2-14
Added Pin To Net: NetName=SPI.SCK Pin=U3-1
Added Net: Name=SPI.SCK
Added Pin To Net: NetName=SPICLK Pin=U1-6
Added Pin To Net: NetName=SPICLK Pin=U2-22
Added Net: Name=SPICLK
Added Pin To Net: NetName=SPICS0 Pin=U1-1
Added Pin To Net: NetName=SPICS0 Pin=U2-21
Added Net: Name=SPICS0
Added Pin To Net: NetName=SPID Pin=U1-5
Added Pin To Net: NetName=SPID Pin=U2-23
Added Net: Name=SPID
Added Pin To Net: NetName=SPIHD Pin=U1-7
Added Pin To Net: NetName=SPIHD Pin=U2-19
Added Net: Name=SPIHD
Added Pin To Net: NetName=SPIQ Pin=U1-2
Added Pin To Net: NetName=SPIQ Pin=U2-24
Added Net: Name=SPIQ
Added Pin To Net: NetName=SPIWP Pin=U1-3
Added Pin To Net: NetName=SPIWP Pin=U2-20
Added Net: Name=SPIWP
Added Pin To Net: NetName=USB_D_N Pin=IC4-6
Added Pin To Net: NetName=USB_D_N Pin=U2-25
Added Net: Name=USB_D_N
Added Pin To Net: NetName=USB_D_P Pin=IC4-4
Added Pin To Net: NetName=USB_D_P Pin=U2-26
Added Net: Name=USB_D_P
Added Pin To Net: NetName=Vbat Pin=C18-2
Added Pin To Net: NetName=Vbat Pin=C21-2
Added Pin To Net: NetName=Vbat Pin=C40-2
Added Pin To Net: NetName=Vbat Pin=C41-2
Added Pin To Net: NetName=Vbat Pin=C42-2
Added Pin To Net: NetName=Vbat Pin=C43-2
Added Pin To Net: NetName=Vbat Pin=C44-2
Added Pin To Net: NetName=Vbat Pin=FB2-2
Added Pin To Net: NetName=Vbat Pin=IC1-6
Added Pin To Net: NetName=Vbat Pin=IC2-6
Added Pin To Net: NetName=Vbat Pin=IC3-3
Added Pin To Net: NetName=Vbat Pin=IC3-4
Added Net: Name=Vbat
Added Pin To Net: NetName=VDD_SPI Pin=C12-2
Added Pin To Net: NetName=VDD_SPI Pin=U1-8
Added Pin To Net: NetName=VDD_SPI Pin=U2-18
Added Net: Name=VDD_SPI
Added Pin To Net: NetName=VDD Pin=C25-2
Added Pin To Net: NetName=VDD Pin=C26-2
Added Pin To Net: NetName=VDD Pin=C27-2
Added Pin To Net: NetName=VDD Pin=C28-2
Added Pin To Net: NetName=VDD Pin=C29-2
Added Pin To Net: NetName=VDD Pin=FB1-1
Added Pin To Net: NetName=VDD Pin=IC4-5
Added Pin To Net: NetName=VDD Pin=J1-A4B9
Added Pin To Net: NetName=VDD Pin=J1-B4A9
Added Net: Name=VDD
Added Pin To Net: NetName=Vin Pin=C22-2
Added Pin To Net: NetName=Vin Pin=C30-2
Added Pin To Net: NetName=Vin Pin=C31-2
Added Pin To Net: NetName=Vin Pin=C32-2
Added Pin To Net: NetName=Vin Pin=C33-2
Added Pin To Net: NetName=Vin Pin=C34-2
Added Pin To Net: NetName=Vin Pin=D2-A
Added Pin To Net: NetName=Vin Pin=FB1-2
Added Pin To Net: NetName=Vin Pin=IC3-1
Added Pin To Net: NetName=Vin Pin=IC3-2
Added Net: Name=Vin
Added Pin To Net: NetName=XTAL_N Pin=C2-2
Added Pin To Net: NetName=XTAL_N Pin=U2-29
Added Pin To Net: NetName=XTAL_N Pin=X1-3
Added Net: Name=XTAL_N
Added Pin To Net: NetName=XTAL_P Pin=R1-1
Added Pin To Net: NetName=XTAL_P Pin=U2-30
Added Net: Name=XTAL_P
Added Class: Name=Designator
Add Class: Class already exists: Designator
Add Class: Class already exists: Designator
Add Class: Class already exists: Designator
Add Class: Class already exists: Designator
Add Class: Class already exists: Designator
Added Differential Pair: Name=USB_D
Added Room: Name=Designator
Added Room: Name=Designator
Added Room: Name=Designator
Added Room: Name=Designator
Added Room: Name=Designator
Added Room: Name=Designator
Added Class: Name=DIFF_USB
