Removed Pin From Net: NetName=USB.D_P Pin=IC4-4
Removed Pin From Net: NetName=USB.D_N Pin=IC4-6
Added Component: Designator=1(0402)
Add component (AddParameter): Name = "Author"; Value = ""; VariantName = "[No Variations]"
Add component (AddParameter): Name = "ComponentLink1Description"; Value = "Datasheet"; VariantName = "[No Variations]"
Add component (AddParameter): Name = "ComponentLink1URL"; Value = "N.A."; VariantName = "[No Variations]"
Add component (AddParameter): Name = "ComponentLink2Description"; Value = "Supplier link"; VariantName = "[No Variations]"
Add component (AddParameter): Name = "ComponentLink2URL"; Value = "N.A."; VariantName = "[No Variations]"
Add component (AddParameter): Name = "Footprint Doc"; Value = "0402"; VariantName = "[No Variations]"
Added Pin To Net: NetName=USB.D_P Pin=IC4-1
Added Pin To Net: NetName=USB.D_N Pin=IC4-3
Added Pin To Net: NetName=NetIC4_4 Pin=IC4-4
Added Pin To Net: NetName=NetIC4_4 Pin=J1-A7
Added Pin To Net: NetName=NetIC4_4 Pin=J1-B7
Added Net: Name=NetIC4_4
Added Pin To Net: NetName=NetIC4_6 Pin=IC4-6
Added Pin To Net: NetName=NetIC4_6 Pin=J1-A6
Added Pin To Net: NetName=NetIC4_6 Pin=J1-B6
Added Net: Name=NetIC4_6
Add Class: Class already exists: Designator
Add Class: Class already exists: Designator
Add Class: Class already exists: Designator
Add Class: Class already exists: Designator
Add Class: Class already exists: Designator
Added Room: Name=Designator
Added Room: Name=Designator
Added Room: Name=Designator
Added Room: Name=Designator
Added Room: Name=Designator
Added Room: Name=Designator
