Removed Pin From Net: NetName=GND Pin=C26-1
Removed Pin From Net: NetName=VDD Pin=C26-2
Removed Pin From Net: NetName=GND Pin=C28-1
Removed Pin From Net: NetName=VDD Pin=C28-2
Removed Pin From Net: NetName=GND Pin=C29-1
Removed Pin From Net: NetName=VDD Pin=C29-2
Removed Pin From Net: NetName=GND Pin=C30-1
Removed Pin From Net: NetName=Vin Pin=C30-2
Removed Pin From Net: NetName=GND Pin=C31-1
Removed Pin From Net: NetName=Vin Pin=C31-2
Removed Pin From Net: NetName=GND Pin=C33-1
Removed Pin From Net: NetName=Vin Pin=C33-2
Removed Pin From Net: NetName=GND Pin=C36-1
Removed Pin From Net: NetName=NetBAT+_1 Pin=C36-2
Removed Pin From Net: NetName=GND Pin=C38-1
Removed Pin From Net: NetName=NetBAT+_1 Pin=C38-2
Removed Pin From Net: NetName=GND Pin=C39-1
Removed Pin From Net: NetName=NetBAT+_1 Pin=C39-2
Removed Pin From Net: NetName=GND Pin=C40-1
Removed Pin From Net: NetName=Vbat Pin=C40-2
Removed Pin From Net: NetName=GND Pin=C41-1
Removed Pin From Net: NetName=Vbat Pin=C41-2
Removed Pin From Net: NetName=GND Pin=C43-1
Removed Pin From Net: NetName=Vbat Pin=C43-2
Added Component: Designator=1(0402)
Add component (AddParameter): Name = "Author"; Value = ""; VariantName = "[No Variations]"
Add component (AddParameter): Name = "ComponentLink1Description"; Value = "Datasheet"; VariantName = "[No Variations]"
Add component (AddParameter): Name = "ComponentLink1URL"; Value = "N.A."; VariantName = "[No Variations]"
Add component (AddParameter): Name = "ComponentLink2Description"; Value = "Supplier link"; VariantName = "[No Variations]"
Add component (AddParameter): Name = "ComponentLink2URL"; Value = "N.A."; VariantName = "[No Variations]"
Add component (AddParameter): Name = "Footprint Doc"; Value = "0402"; VariantName = "[No Variations]"
Add Class: Class already exists: Designator
Add Class: Class already exists: Designator
Add Class: Class already exists: Designator
Add Class: Class already exists: Designator
Add Class: Class already exists: Designator
Added Room: Name=Designator
Added Room: Name=Designator
Added Room: Name=Designator
Added Room: Name=Designator
Added Room: Name=Designator
Added Room: Name=Designator
